# JRE version: OpenJDK Runtime Environment Temurin-21.0.6+7 (21.0.6+7) (build 21.0.6+7-LTS)
# Java VM: OpenJDK 64-Bit Server VM Temurin-21.0.6+7 (21.0.6+7-LTS, mixed mode, sharing, tiered, compressed oops, compressed class ptrs, parallel gc, windows-amd64)
GC Precious Log:
 CardTable entry size: 512
 CPUs: 4 total, 4 available
 Memory: 8016M
 Large Page Support: Disabled
 NUMA Support: Disabled
 Compressed Oops: Enabled (32-bit)
 Alignments: Space 512K, Generation 512K, Heap 2M
 Heap Min Capacity: 100M
 Heap Initial Capacity: 100M
 Heap Max Capacity: 1G
 Pre-touch: Disabled
 Parallel Workers: 4
Heap:
 PSYoungGen      total 24064K, used 1605K [0x00000000eab00000, 0x00000000ec480000, 0x0000000100000000)
  eden space 22016K, 0% used [0x00000000eab00000,0x00000000eab00000,0x00000000ec080000)
  from space 2048K, 78% used [0x00000000ec080000,0x00000000ec211770,0x00000000ec280000)
  to   space 2048K, 0% used [0x00000000ec280000,0x00000000ec280000,0x00000000ec480000)
 ParOldGen       total 68608K, used 31974K [0x00000000c0000000, 0x00000000c4300000, 0x00000000eab00000)
  object space 68608K, 46% used [0x00000000c0000000,0x00000000c1f39a70,0x00000000c4300000)
 Metaspace       used 34893K, committed 35840K, reserved 1114112K
  class space    used 3399K, committed 3840K, reserved 1048576K
GC Heap History (20 events):
Event: 206.266 GC heap after
{Heap after GC invocations=9 (full 1):
 PSYoungGen      total 27136K, used 3046K [0x00000000eab00000, 0x00000000eca80000, 0x0000000100000000)
  eden space 24064K, 0% used [0x00000000eab00000,0x00000000eab00000,0x00000000ec280000)
  from space 3072K, 99% used [0x00000000ec780000,0x00000000eca79988,0x00000000eca80000)
  to   space 3584K, 0% used [0x00000000ec380000,0x00000000ec380000,0x00000000ec700000)
 ParOldGen       total 68608K, used 10660K [0x00000000c0000000, 0x00000000c4300000, 0x00000000eab00000)
  object space 68608K, 15% used [0x00000000c0000000,0x00000000c0a691e8,0x00000000c4300000)
 Metaspace       used 29114K, committed 29952K, reserved 1114112K
  class space    used 2841K, committed 3200K, reserved 1048576K
}
Event: 208.117 GC heap before
{Heap before GC invocations=10 (full 1):
 PSYoungGen      total 27136K, used 26648K [0x00000000eab00000, 0x00000000eca80000, 0x0000000100000000)
  eden space 24064K, 98% used [0x00000000eab00000,0x00000000ec20c860,0x00000000ec280000)
  from space 3072K, 99% used [0x00000000ec780000,0x00000000eca79988,0x00000000eca80000)
  to   space 3584K, 0% used [0x00000000ec380000,0x00000000ec380000,0x00000000ec700000)
 ParOldGen       total 68608K, used 10660K [0x00000000c0000000, 0x00000000c4300000, 0x00000000eab00000)
  object space 68608K, 15% used [0x00000000c0000000,0x00000000c0a691e8,0x00000000c4300000)
 Metaspace       used 32532K, committed 33408K, reserved 1114112K
  class space    used 3188K, committed 3584K, reserved 1048576K
}
Event: 208.122 GC heap after
{Heap after GC invocations=10 (full 1):
 PSYoungGen      total 27136K, used 3579K [0x00000000eab00000, 0x00000000ecd00000, 0x0000000100000000)
  eden space 23552K, 0% used [0x00000000eab00000,0x00000000eab00000,0x00000000ec200000)
  from space 3584K, 99% used [0x00000000ec380000,0x00000000ec6fefc8,0x00000000ec700000)
  to   space 5632K, 0% used [0x00000000ec780000,0x00000000ec780000,0x00000000ecd00000)
 ParOldGen       total 68608K, used 11998K [0x00000000c0000000, 0x00000000c4300000, 0x00000000eab00000)
  object space 68608K, 17% used [0x00000000c0000000,0x00000000c0bb7a78,0x00000000c4300000)
 Metaspace       used 32532K, committed 33408K, reserved 1114112K
  class space    used 3188K, committed 3584K, reserved 1048576K
}
Event: 209.306 GC heap before
{Heap before GC invocations=11 (full 1):
 PSYoungGen      total 27136K, used 27131K [0x00000000eab00000, 0x00000000ecd00000, 0x0000000100000000)
  eden space 23552K, 100% used [0x00000000eab00000,0x00000000ec200000,0x00000000ec200000)
  from space 3584K, 99% used [0x00000000ec380000,0x00000000ec6fefc8,0x00000000ec700000)
  to   space 5632K, 0% used [0x00000000ec780000,0x00000000ec780000,0x00000000ecd00000)
 ParOldGen       total 68608K, used 11998K [0x00000000c0000000, 0x00000000c4300000, 0x00000000eab00000)
  object space 68608K, 17% used [0x00000000c0000000,0x00000000c0bb7a78,0x00000000c4300000)
 Metaspace       used 33580K, committed 34560K, reserved 1114112K
  class space    used 3291K, committed 3712K, reserved 1048576K
}
Event: 209.312 GC heap after
{Heap after GC invocations=11 (full 1):
 PSYoungGen      total 27136K, used 3938K [0x00000000eab00000, 0x00000000ecb80000, 0x0000000100000000)
  eden space 23040K, 0% used [0x00000000eab00000,0x00000000eab00000,0x00000000ec180000)
  from space 4096K, 96% used [0x00000000ec780000,0x00000000ecb58b60,0x00000000ecb80000)
  to   space 4608K, 0% used [0x00000000ec280000,0x00000000ec280000,0x00000000ec700000)
 ParOldGen       total 68608K, used 14342K [0x00000000c0000000, 0x00000000c4300000, 0x00000000eab00000)
  object space 68608K, 20% used [0x00000000c0000000,0x00000000c0e018a8,0x00000000c4300000)
 Metaspace       used 33580K, committed 34560K, reserved 1114112K
  class space    used 3291K, committed 3712K, reserved 1048576K
}
Event: 209.787 GC heap before
{Heap before GC invocations=12 (full 1):
 PSYoungGen      total 27136K, used 26978K [0x00000000eab00000, 0x00000000ecb80000, 0x0000000100000000)
  eden space 23040K, 100% used [0x00000000eab00000,0x00000000ec180000,0x00000000ec180000)
  from space 4096K, 96% used [0x00000000ec780000,0x00000000ecb58b60,0x00000000ecb80000)
  to   space 4608K, 0% used [0x00000000ec280000,0x00000000ec280000,0x00000000ec700000)
 ParOldGen       total 68608K, used 14342K [0x00000000c0000000, 0x00000000c4300000, 0x00000000eab00000)
  object space 68608K, 20% used [0x00000000c0000000,0x00000000c0e018a8,0x00000000c4300000)
 Metaspace       used 33898K, committed 34816K, reserved 1114112K
  class space    used 3342K, committed 3776K, reserved 1048576K
}
Event: 209.797 GC heap after
{Heap after GC invocations=12 (full 1):
 PSYoungGen      total 25088K, used 2370K [0x00000000eab00000, 0x00000000ec800000, 0x0000000100000000)
  eden space 22528K, 0% used [0x00000000eab00000,0x00000000eab00000,0x00000000ec100000)
  from space 2560K, 92% used [0x00000000ec280000,0x00000000ec4d0840,0x00000000ec500000)
  to   space 3072K, 0% used [0x00000000ec500000,0x00000000ec500000,0x00000000ec800000)
 ParOldGen       total 68608K, used 18153K [0x00000000c0000000, 0x00000000c4300000, 0x00000000eab00000)
  object space 68608K, 26% used [0x00000000c0000000,0x00000000c11ba6d0,0x00000000c4300000)
 Metaspace       used 33898K, committed 34816K, reserved 1114112K
  class space    used 3342K, committed 3776K, reserved 1048576K
}
Event: 209.968 GC heap before
{Heap before GC invocations=13 (full 1):
 PSYoungGen      total 25088K, used 24898K [0x00000000eab00000, 0x00000000ec800000, 0x0000000100000000)
  eden space 22528K, 100% used [0x00000000eab00000,0x00000000ec100000,0x00000000ec100000)
  from space 2560K, 92% used [0x00000000ec280000,0x00000000ec4d0840,0x00000000ec500000)
  to   space 3072K, 0% used [0x00000000ec500000,0x00000000ec500000,0x00000000ec800000)
 ParOldGen       total 68608K, used 18153K [0x00000000c0000000, 0x00000000c4300000, 0x00000000eab00000)
  object space 68608K, 26% used [0x00000000c0000000,0x00000000c11ba6d0,0x00000000c4300000)
 Metaspace       used 33931K, committed 34880K, reserved 1114112K
  class space    used 3342K, committed 3776K, reserved 1048576K
}
Event: 209.974 GC heap after
{Heap after GC invocations=13 (full 1):
 PSYoungGen      total 24576K, used 2048K [0x00000000eab00000, 0x00000000ec780000, 0x0000000100000000)
  eden space 22016K, 0% used [0x00000000eab00000,0x00000000eab00000,0x00000000ec080000)
  from space 2560K, 80% used [0x00000000ec500000,0x00000000ec700010,0x00000000ec780000)
  to   space 2560K, 0% used [0x00000000ec280000,0x00000000ec280000,0x00000000ec500000)
 ParOldGen       total 68608K, used 20440K [0x00000000c0000000, 0x00000000c4300000, 0x00000000eab00000)
  object space 68608K, 29% used [0x00000000c0000000,0x00000000c13f6010,0x00000000c4300000)
 Metaspace       used 33931K, committed 34880K, reserved 1114112K
  class space    used 3342K, committed 3776K, reserved 1048576K
}
Event: 210.118 GC heap before
{Heap before GC invocations=14 (full 1):
 PSYoungGen      total 24576K, used 24064K [0x00000000eab00000, 0x00000000ec780000, 0x0000000100000000)
  eden space 22016K, 100% used [0x00000000eab00000,0x00000000ec080000,0x00000000ec080000)
  from space 2560K, 80% used [0x00000000ec500000,0x00000000ec700010,0x00000000ec780000)
  to   space 2560K, 0% used [0x00000000ec280000,0x00000000ec280000,0x00000000ec500000)
 ParOldGen       total 68608K, used 20440K [0x00000000c0000000, 0x00000000c4300000, 0x00000000eab00000)
  object space 68608K, 29% used [0x00000000c0000000,0x00000000c13f6010,0x00000000c4300000)
 Metaspace       used 33948K, committed 34880K, reserved 1114112K
  class space    used 3342K, committed 3776K, reserved 1048576K
}
Event: 210.125 GC heap after
{Heap after GC invocations=14 (full 1):
 PSYoungGen      total 24576K, used 2212K [0x00000000eab00000, 0x00000000ec580000, 0x0000000100000000)
  eden space 22016K, 0% used [0x00000000eab00000,0x00000000eab00000,0x00000000ec080000)
  from space 2560K, 86% used [0x00000000ec280000,0x00000000ec4a9000,0x00000000ec500000)
  to   space 512K, 0% used [0x00000000ec500000,0x00000000ec500000,0x00000000ec580000)
 ParOldGen       total 68608K, used 22472K [0x00000000c0000000, 0x00000000c4300000, 0x00000000eab00000)
  object space 68608K, 32% used [0x00000000c0000000,0x00000000c15f2020,0x00000000c4300000)
 Metaspace       used 33948K, committed 34880K, reserved 1114112K
  class space    used 3342K, committed 3776K, reserved 1048576K
}
Event: 210.214 GC heap before
{Heap before GC invocations=15 (full 1):
 PSYoungGen      total 24576K, used 24228K [0x00000000eab00000, 0x00000000ec580000, 0x0000000100000000)
  eden space 22016K, 100% used [0x00000000eab00000,0x00000000ec080000,0x00000000ec080000)
  from space 2560K, 86% used [0x00000000ec280000,0x00000000ec4a9000,0x00000000ec500000)
  to   space 512K, 0% used [0x00000000ec500000,0x00000000ec500000,0x00000000ec580000)
 ParOldGen       total 68608K, used 22472K [0x00000000c0000000, 0x00000000c4300000, 0x00000000eab00000)
  object space 68608K, 32% used [0x00000000c0000000,0x00000000c15f2020,0x00000000c4300000)
 Metaspace       used 33958K, committed 34880K, reserved 1114112K
  class space    used 3343K, committed 3776K, reserved 1048576K
}
Event: 210.220 GC heap after
{Heap after GC invocations=15 (full 1):
 PSYoungGen      total 22528K, used 512K [0x00000000eab00000, 0x00000000ec980000, 0x0000000100000000)
  eden space 22016K, 0% used [0x00000000eab00000,0x00000000eab00000,0x00000000ec080000)
  from space 512K, 100% used [0x00000000ec500000,0x00000000ec580000,0x00000000ec580000)
  to   space 4608K, 0% used [0x00000000ec080000,0x00000000ec080000,0x00000000ec500000)
 ParOldGen       total 68608K, used 25947K [0x00000000c0000000, 0x00000000c4300000, 0x00000000eab00000)
  object space 68608K, 37% used [0x00000000c0000000,0x00000000c1956ff8,0x00000000c4300000)
 Metaspace       used 33958K, committed 34880K, reserved 1114112K
  class space    used 3343K, committed 3776K, reserved 1048576K
}
Event: 210.437 GC heap before
{Heap before GC invocations=16 (full 1):
 PSYoungGen      total 22528K, used 22528K [0x00000000eab00000, 0x00000000ec980000, 0x0000000100000000)
  eden space 22016K, 100% used [0x00000000eab00000,0x00000000ec080000,0x00000000ec080000)
  from space 512K, 100% used [0x00000000ec500000,0x00000000ec580000,0x00000000ec580000)
  to   space 4608K, 0% used [0x00000000ec080000,0x00000000ec080000,0x00000000ec500000)
 ParOldGen       total 68608K, used 25947K [0x00000000c0000000, 0x00000000c4300000, 0x00000000eab00000)
  object space 68608K, 37% used [0x00000000c0000000,0x00000000c1956ff8,0x00000000c4300000)
 Metaspace       used 34004K, committed 34944K, reserved 1114112K
  class space    used 3345K, committed 3776K, reserved 1048576K
}
Event: 210.441 GC heap after
{Heap after GC invocations=16 (full 1):
 PSYoungGen      total 24576K, used 2080K [0x00000000eab00000, 0x00000000ec680000, 0x0000000100000000)
  eden space 22016K, 0% used [0x00000000eab00000,0x00000000eab00000,0x00000000ec080000)
  from space 2560K, 81% used [0x00000000ec080000,0x00000000ec288010,0x00000000ec300000)
  to   space 3072K, 0% used [0x00000000ec380000,0x00000000ec380000,0x00000000ec680000)
 ParOldGen       total 68608K, used 26483K [0x00000000c0000000, 0x00000000c4300000, 0x00000000eab00000)
  object space 68608K, 38% used [0x00000000c0000000,0x00000000c19dcff8,0x00000000c4300000)
 Metaspace       used 34004K, committed 34944K, reserved 1114112K
  class space    used 3345K, committed 3776K, reserved 1048576K
}
Event: 210.686 GC heap before
{Heap before GC invocations=17 (full 1):
 PSYoungGen      total 24576K, used 24096K [0x00000000eab00000, 0x00000000ec680000, 0x0000000100000000)
  eden space 22016K, 100% used [0x00000000eab00000,0x00000000ec080000,0x00000000ec080000)
  from space 2560K, 81% used [0x00000000ec080000,0x00000000ec288010,0x00000000ec300000)
  to   space 3072K, 0% used [0x00000000ec380000,0x00000000ec380000,0x00000000ec680000)
 ParOldGen       total 68608K, used 26483K [0x00000000c0000000, 0x00000000c4300000, 0x00000000eab00000)
  object space 68608K, 38% used [0x00000000c0000000,0x00000000c19dcff8,0x00000000c4300000)
 Metaspace       used 34326K, committed 35264K, reserved 1114112K
  class space    used 3366K, committed 3776K, reserved 1048576K
}
Event: 210.694 GC heap after
{Heap after GC invocations=17 (full 1):
 PSYoungGen      total 25088K, used 2720K [0x00000000eab00000, 0x00000000ec680000, 0x0000000100000000)
  eden space 22016K, 0% used [0x00000000eab00000,0x00000000eab00000,0x00000000ec080000)
  from space 3072K, 88% used [0x00000000ec380000,0x00000000ec628200,0x00000000ec680000)
  to   space 3072K, 0% used [0x00000000ec080000,0x00000000ec080000,0x00000000ec380000)
 ParOldGen       total 68608K, used 29305K [0x00000000c0000000, 0x00000000c4300000, 0x00000000eab00000)
  object space 68608K, 42% used [0x00000000c0000000,0x00000000c1c9e518,0x00000000c4300000)
 Metaspace       used 34326K, committed 35264K, reserved 1114112K
  class space    used 3366K, committed 3776K, reserved 1048576K
}
Event: 211.009 GC heap before
{Heap before GC invocations=18 (full 1):
 PSYoungGen      total 25088K, used 7671K [0x00000000eab00000, 0x00000000ec680000, 0x0000000100000000)
  eden space 22016K, 22% used [0x00000000eab00000,0x00000000eafd5dc0,0x00000000ec080000)
  from space 3072K, 88% used [0x00000000ec380000,0x00000000ec628200,0x00000000ec680000)
  to   space 3072K, 0% used [0x00000000ec080000,0x00000000ec080000,0x00000000ec380000)
 ParOldGen       total 68608K, used 29305K [0x00000000c0000000, 0x00000000c4300000, 0x00000000eab00000)
  object space 68608K, 42% used [0x00000000c0000000,0x00000000c1c9e518,0x00000000c4300000)
 Metaspace       used 34893K, committed 35840K, reserved 1114112K
  class space    used 3399K, committed 3840K, reserved 1048576K
}
Event: 211.019 GC heap after
{Heap after GC invocations=18 (full 1):
 PSYoungGen      total 24064K, used 1605K [0x00000000eab00000, 0x00000000ec480000, 0x0000000100000000)
  eden space 22016K, 0% used [0x00000000eab00000,0x00000000eab00000,0x00000000ec080000)
  from space 2048K, 78% used [0x00000000ec080000,0x00000000ec211770,0x00000000ec280000)
  to   space 2048K, 0% used [0x00000000ec280000,0x00000000ec280000,0x00000000ec480000)
 ParOldGen       total 68608K, used 31974K [0x00000000c0000000, 0x00000000c4300000, 0x00000000eab00000)
  object space 68608K, 46% used [0x00000000c0000000,0x00000000c1f39a70,0x00000000c4300000)
 Metaspace       used 34893K, committed 35840K, reserved 1114112K
  class space    used 3399K, committed 3840K, reserved 1048576K
}
Event: 211.019 GC heap before
{Heap before GC invocations=19 (full 2):
 PSYoungGen      total 24064K, used 1605K [0x00000000eab00000, 0x00000000ec480000, 0x0000000100000000)
  eden space 22016K, 0% used [0x00000000eab00000,0x00000000eab00000,0x00000000ec080000)
  from space 2048K, 78% used [0x00000000ec080000,0x00000000ec211770,0x00000000ec280000)
  to   space 2048K, 0% used [0x00000000ec280000,0x00000000ec280000,0x00000000ec480000)
 ParOldGen       total 68608K, used 31974K [0x00000000c0000000, 0x00000000c4300000, 0x00000000eab00000)
  object space 68608K, 46% used [0x00000000c0000000,0x00000000c1f39a70,0x00000000c4300000)
 Metaspace       used 34893K, committed 35840K, reserved 1114112K
  class space    used 3399K, committed 3840K, reserved 1048576K
}

