# JRE version: OpenJDK Runtime Environment Temurin-21.0.6+7 (21.0.6+7) (build 21.0.6+7-LTS)
# Java VM: OpenJDK 64-Bit Server VM Temurin-21.0.6+7 (21.0.6+7-LTS, mixed mode, sharing, tiered, compressed oops, compressed class ptrs, g1 gc, windows-amd64)
GC Precious Log:
 CardTable entry size: 512
 Card Set container configuration: InlinePtr #cards 5 size 8 Array Of Cards #cards 12 size 40 Howl #buckets 4 coarsen threshold 1843 Howl Bitmap #cards 512 size 80 coarsen threshold 460 Card regions per heap region 1 cards per card region 2048
 CPUs: 4 total, 4 available
 Memory: 8016M
 Large Page Support: Disabled
 NUMA Support: Disabled
 Compressed Oops: Enabled (32-bit)
 Heap Region Size: 1M
 Heap Min Capacity: 8M
 Heap Initial Capacity: 126M
 Heap Max Capacity: 2G
 Pre-touch: Disabled
 Parallel Workers: 4
 Concurrent Workers: 1
 Concurrent Refinement Workers: 4
 Periodic GC: Disabled
Heap:
 garbage-first heap   total 145408K, used 134078K [0x0000000080000000, 0x0000000100000000)
  region size 1024K, 53 young (54272K), 7 survivors (7168K)
 Metaspace       used 90470K, committed 92800K, reserved 557056K
  class space    used 12617K, committed 13760K, reserved 425984K
GC Heap History (20 events):
Event: 49.467 GC heap after
{Heap after GC invocations=28 (full 0):
 garbage-first heap   total 114688K, used 67858K [0x0000000080000000, 0x0000000100000000)
  region size 1024K, 1 young (1024K), 1 survivors (1024K)
 Metaspace       used 67966K, committed 70016K, reserved 491520K
  class space    used 9548K, committed 10624K, reserved 425984K
}
Event: 53.333 GC heap before
{Heap before GC invocations=28 (full 0):
 garbage-first heap   total 114688K, used 104722K [0x0000000080000000, 0x0000000100000000)
  region size 1024K, 37 young (37888K), 1 survivors (1024K)
 Metaspace       used 69605K, committed 71744K, reserved 491520K
  class space    used 9756K, committed 10816K, reserved 425984K
}
Event: 53.340 GC heap after
{Heap after GC invocations=29 (full 0):
 garbage-first heap   total 114688K, used 69550K [0x0000000080000000, 0x0000000100000000)
  region size 1024K, 3 young (3072K), 3 survivors (3072K)
 Metaspace       used 69605K, committed 71744K, reserved 491520K
  class space    used 9756K, committed 10816K, reserved 425984K
}
Event: 57.536 GC heap before
{Heap before GC invocations=29 (full 0):
 garbage-first heap   total 114688K, used 103342K [0x0000000080000000, 0x0000000100000000)
  region size 1024K, 36 young (36864K), 3 survivors (3072K)
 Metaspace       used 70882K, committed 73024K, reserved 491520K
  class space    used 9925K, committed 11008K, reserved 425984K
}
Event: 57.547 GC heap after
{Heap after GC invocations=30 (full 0):
 garbage-first heap   total 114688K, used 71795K [0x0000000080000000, 0x0000000100000000)
  region size 1024K, 5 young (5120K), 5 survivors (5120K)
 Metaspace       used 70882K, committed 73024K, reserved 491520K
  class space    used 9925K, committed 11008K, reserved 425984K
}
Event: 60.417 GC heap before
{Heap before GC invocations=31 (full 0):
 garbage-first heap   total 121856K, used 101491K [0x0000000080000000, 0x0000000100000000)
  region size 1024K, 34 young (34816K), 5 survivors (5120K)
 Metaspace       used 72927K, committed 75072K, reserved 491520K
  class space    used 10224K, committed 11328K, reserved 425984K
}
Event: 60.430 GC heap after
{Heap after GC invocations=32 (full 0):
 garbage-first heap   total 121856K, used 73019K [0x0000000080000000, 0x0000000100000000)
  region size 1024K, 4 young (4096K), 4 survivors (4096K)
 Metaspace       used 72927K, committed 75072K, reserved 491520K
  class space    used 10224K, committed 11328K, reserved 425984K
}
Event: 66.610 GC heap before
{Heap before GC invocations=32 (full 0):
 garbage-first heap   total 121856K, used 108859K [0x0000000080000000, 0x0000000100000000)
  region size 1024K, 40 young (40960K), 4 survivors (4096K)
 Metaspace       used 76039K, committed 78272K, reserved 557056K
  class space    used 10727K, committed 11840K, reserved 425984K
}
Event: 66.625 GC heap after
{Heap after GC invocations=33 (full 0):
 garbage-first heap   total 121856K, used 75735K [0x0000000080000000, 0x0000000100000000)
  region size 1024K, 5 young (5120K), 5 survivors (5120K)
 Metaspace       used 76039K, committed 78272K, reserved 557056K
  class space    used 10727K, committed 11840K, reserved 425984K
}
Event: 69.055 GC heap before
{Heap before GC invocations=33 (full 0):
 garbage-first heap   total 121856K, used 108503K [0x0000000080000000, 0x0000000100000000)
  region size 1024K, 38 young (38912K), 5 survivors (5120K)
 Metaspace       used 79023K, committed 81280K, reserved 557056K
  class space    used 11099K, committed 12224K, reserved 425984K
}
Event: 69.074 GC heap after
{Heap after GC invocations=34 (full 0):
 garbage-first heap   total 121856K, used 79572K [0x0000000080000000, 0x0000000100000000)
  region size 1024K, 4 young (4096K), 4 survivors (4096K)
 Metaspace       used 79023K, committed 81280K, reserved 557056K
  class space    used 11099K, committed 12224K, reserved 425984K
}
Event: 91.163 GC heap before
{Heap before GC invocations=35 (full 0):
 garbage-first heap   total 133120K, used 109268K [0x0000000080000000, 0x0000000100000000)
  region size 1024K, 34 young (34816K), 4 survivors (4096K)
 Metaspace       used 82248K, committed 84608K, reserved 557056K
  class space    used 11552K, committed 12736K, reserved 425984K
}
Event: 91.173 GC heap after
{Heap after GC invocations=36 (full 0):
 garbage-first heap   total 133120K, used 81851K [0x0000000080000000, 0x0000000100000000)
  region size 1024K, 3 young (3072K), 3 survivors (3072K)
 Metaspace       used 82248K, committed 84608K, reserved 557056K
  class space    used 11552K, committed 12736K, reserved 425984K
}
Event: 109.862 GC heap before
{Heap before GC invocations=36 (full 0):
 garbage-first heap   total 133120K, used 120763K [0x0000000080000000, 0x0000000100000000)
  region size 1024K, 42 young (43008K), 3 survivors (3072K)
 Metaspace       used 84843K, committed 87104K, reserved 557056K
  class space    used 11847K, committed 12992K, reserved 425984K
}
Event: 109.872 GC heap after
{Heap after GC invocations=37 (full 0):
 garbage-first heap   total 133120K, used 83473K [0x0000000080000000, 0x0000000100000000)
  region size 1024K, 5 young (5120K), 5 survivors (5120K)
 Metaspace       used 84843K, committed 87104K, reserved 557056K
  class space    used 11847K, committed 12992K, reserved 425984K
}
Event: 111.130 GC heap before
{Heap before GC invocations=37 (full 0):
 garbage-first heap   total 133120K, used 120337K [0x0000000080000000, 0x0000000100000000)
  region size 1024K, 41 young (41984K), 5 survivors (5120K)
 Metaspace       used 86877K, committed 89216K, reserved 557056K
  class space    used 12191K, committed 13312K, reserved 425984K
}
Event: 111.142 GC heap after
{Heap after GC invocations=38 (full 0):
 garbage-first heap   total 133120K, used 86106K [0x0000000080000000, 0x0000000100000000)
  region size 1024K, 5 young (5120K), 5 survivors (5120K)
 Metaspace       used 86877K, committed 89216K, reserved 557056K
  class space    used 12191K, committed 13312K, reserved 425984K
}
Event: 111.985 GC heap before
{Heap before GC invocations=39 (full 0):
 garbage-first heap   total 145408K, used 118874K [0x0000000080000000, 0x0000000100000000)
  region size 1024K, 37 young (37888K), 5 survivors (5120K)
 Metaspace       used 86936K, committed 89344K, reserved 557056K
  class space    used 12194K, committed 13376K, reserved 425984K
}
Event: 111.996 GC heap after
{Heap after GC invocations=40 (full 0):
 garbage-first heap   total 145408K, used 86974K [0x0000000080000000, 0x0000000100000000)
  region size 1024K, 3 young (3072K), 3 survivors (3072K)
 Metaspace       used 86936K, committed 89344K, reserved 557056K
  class space    used 12194K, committed 13376K, reserved 425984K
}
Event: 120.926 GC heap before
{Heap before GC invocations=40 (full 0):
 garbage-first heap   total 145408K, used 134078K [0x0000000080000000, 0x0000000100000000)
  region size 1024K, 49 young (50176K), 3 survivors (3072K)
 Metaspace       used 90470K, committed 92800K, reserved 557056K
  class space    used 12617K, committed 13760K, reserved 425984K
}

